03/03/2021 05:11:21 PM: INFO: ######################################################################
03/03/2021 05:11:21 PM: INFO:   TC_010_4: Proposal_To_Agreement flow (Enterprise Cart Reg Pricing   
03/03/2021 05:11:21 PM: INFO: ######################################################################
03/03/2021 05:11:21 PM: INFO: ---------- Login to the Application
03/03/2021 05:11:43 PM: INFO: ---------- Switch to Lightning if not set
03/03/2021 05:11:43 PM: INFO: ---------- Create a new Proposal
03/03/2021 05:11:57 PM: INFO: ---------- Set Proposal Fields
03/03/2021 05:12:18 PM: INFO: ---------- Configure the Proposal
03/03/2021 05:12:21 PM: INFO: ---------- Search and Configure the Product
03/03/2021 05:12:26 PM: INFO: ---------- Search and add the Product to Cart
03/03/2021 05:13:10 PM: INFO: ---------- Finalize the Cart
03/03/2021 05:13:10 PM: INFO: ---------- Click on Related Tab, Check Configuration Status
03/03/2021 05:13:22 PM: INFO: ---------- (PASSED): Proposal is Finalized Successfully
03/03/2021 05:13:23 PM: INFO: ---------- Generate Proposal Document
03/03/2021 05:13:53 PM: INFO: ---------- (PASSED): Proposal Document generated successfully
03/03/2021 05:14:17 PM: INFO: ---------- (PASSED): Approval Stage is correctly updated to Generated
03/03/2021 05:14:17 PM: INFO: ---------- Present the Proposal
03/03/2021 05:15:15 PM: INFO: ---------- (PASSED): Approval Stage is correctly updated to Presented
03/03/2021 05:15:15 PM: INFO: ---------- Accept the Proposal
03/03/2021 05:15:39 PM: INFO: ---------- (PASSED): Approval Stage is correctly updated to Accepted
03/03/2021 05:15:39 PM: INFO: ---------- Click on Create Agreement With Line Items
03/03/2021 05:15:50 PM: INFO: ---------- (PASSED): Agreement creation from Proposal is successful **********
03/03/2021 05:15:54 PM: INFO: ---------- (PASSED): Agreement is auto Finalized Successfully
03/03/2021 05:15:57 PM: INFO: ---------- (PASSED): Correct No. of Agreement line(s) created
03/03/2021 05:16:01 PM: INFO: ---------- Delete the Agreement
03/03/2021 05:16:35 PM: INFO: ---------- Delete the Proposal
03/03/2021 05:16:38 PM: INFO: ---------- END ----------
