01/30/2021 11:05:23 AM: INFO: #################################################################
01/30/2021 11:05:23 AM: INFO:   TC_010_1: Proposal_To_Agreement flow (Reg Cart Normal Pricing   
01/30/2021 11:05:23 AM: INFO: #################################################################
01/30/2021 11:05:23 AM: INFO: ---------- Login to the Application
01/30/2021 11:05:38 AM: INFO: ---------- Switch to Lightning if not set
01/30/2021 11:05:39 AM: INFO: ---------- Create a new Proposal
01/30/2021 11:05:45 AM: INFO: ---------- Set Proposal Fields
01/30/2021 11:05:59 AM: INFO: ---------- Configure the Proposal
01/30/2021 11:06:05 AM: INFO: ---------- Search and Configure the Product
01/30/2021 11:06:11 AM: INFO: ---------- Search and add the Product to Cart
01/30/2021 11:06:48 AM: INFO: ---------- Finalize the Cart
01/30/2021 11:06:48 AM: INFO: ---------- Click on Related Tab, Check Configuration Status
01/30/2021 11:07:01 AM: INFO: ---------- (PASSED): Proposal is Finalized Successfully
01/30/2021 11:07:01 AM: INFO: ---------- Generate Proposal Document
01/30/2021 11:07:28 AM: INFO: ---------- (PASSED): Proposal Document generated successfully
01/30/2021 11:07:44 AM: INFO: ---------- (PASSED): Approval Stage is correctly updated to Generated
01/30/2021 11:07:44 AM: INFO: ---------- Present the Proposal
01/30/2021 11:08:32 AM: INFO: ---------- (PASSED): Approval Stage is correctly updated to Presented
01/30/2021 11:08:32 AM: INFO: ---------- Accept the Proposal
01/30/2021 11:08:48 AM: INFO: ---------- (PASSED): Approval Stage is correctly updated to Accepted
01/30/2021 11:08:48 AM: INFO: ---------- Click on Create Agreement With Line Items
01/30/2021 11:09:01 AM: INFO: ---------- (PASSED): Agreement creation from Proposal is successful **********
01/30/2021 11:09:05 AM: INFO: ---------- (PASSED): Agreement is Saved Successfully
01/30/2021 11:09:08 AM: INFO: ---------- (PASSED): Correct No. of Agreement line(s) created
01/30/2021 11:09:12 AM: INFO: ---------- Delete the Agreement
01/30/2021 11:09:42 AM: INFO: ---------- Delete the Proposal
01/30/2021 11:09:50 AM: INFO: ---------- END ----------
