01/29/2021 03:31:23 PM: INFO: #################################################################
01/29/2021 03:31:23 PM: INFO:     TC_008_3: Custom Cart View Split Cart Async Pricing          
01/29/2021 03:31:23 PM: INFO: #################################################################
01/29/2021 03:31:23 PM: INFO: ---------- Login to the Application
01/29/2021 03:31:47 PM: INFO: ---------- Switch to Lightning if not set
01/29/2021 03:31:47 PM: INFO: ---------- Create a new Proposal
01/29/2021 03:31:54 PM: INFO: ---------- Set Proposal Fields
01/29/2021 03:32:14 PM: INFO: ---------- Configure the Proposal
01/29/2021 03:32:19 PM: INFO: ---------- Search and add Product to the Cart
01/29/2021 03:32:55 PM: INFO: ---------- Go to Shopping Cart
01/29/2021 03:32:55 PM: INFO: ---------- Click on Submit for Pricing (Async) button
01/29/2021 03:33:06 PM: INFO: ---------- Create a new Custom View
01/29/2021 03:33:16 PM: INFO: ---------- Check the Group Name
01/29/2021 03:33:16 PM: INFO: ---------- (PASSED) Custom Cart View Group is Correct
01/29/2021 03:33:16 PM: INFO: ---------- Expand the Group and set Is Optional Checkbox
01/29/2021 03:33:22 PM: INFO: ---------- Click on Submit for Pricing (Async) button
01/29/2021 03:33:39 PM: INFO: ---------- Check the Group Name
01/29/2021 03:33:39 PM: INFO: ---------- (PASSED) Custom Cart View Group Name is updated correctly
01/29/2021 03:33:39 PM: INFO: ---------- Delete the View
01/29/2021 03:33:41 PM: INFO: ---------- Abandon the Cart and delete the proposal
01/29/2021 03:34:06 PM: INFO: ---------- END ---------- 
