02/23/2021 07:54:52 PM: INFO: ####################################################################
02/23/2021 07:54:52 PM: INFO: TC_006_3: Cart - Delete Product Action (Regular Cart - Turbo Pricing)
02/23/2021 07:54:52 PM: INFO: #####################################################################
02/23/2021 07:54:52 PM: INFO: ---------- Login to the application
02/23/2021 07:55:14 PM: INFO: ---------- Create a new Proposal
02/23/2021 07:55:25 PM: INFO: ---------- Set Proposal Fields ----------
02/23/2021 07:55:41 PM: INFO: ---------- Configure the Proposal
02/23/2021 07:55:48 PM: INFO: ---------- Search and add 5 Products to Cart
02/23/2021 07:56:52 PM: INFO: ---------- Go to Shopping Cart
02/23/2021 07:57:16 PM: INFO: ---------- Capture Grand Total and No. of line items before Delete Action
02/23/2021 07:57:18 PM: INFO: ---------- No of rows before Delete action: 5
02/23/2021 07:57:18 PM: INFO: ---------- Grand Total before delete action: 500.00000
02/23/2021 07:57:18 PM: INFO: ---------- Select One Product. Delete it and then verify the Grand Total
02/23/2021 07:57:33 PM: INFO: ---------- Capture Grand Total and No. of line items After One prod is Deleted
02/23/2021 07:57:35 PM: INFO: ---------- Grand Total after One Product Delete: 400.00000
02/23/2021 07:57:35 PM: INFO: ---------- Expected Grand Total after one pro is deleted: 400
02/23/2021 07:57:35 PM: INFO: ---------- (PASSED): Grand Total after One Product Delete is correct ----------
02/23/2021 07:57:35 PM: INFO: ---------- (PASSED): Row count after one product is deleted is correct ----------
02/23/2021 07:57:35 PM: INFO: ---------- Delete all products and verify the no of rows and Grand Total
02/23/2021 07:57:49 PM: INFO: ---------- Count no of rows after all lines are deleted
02/23/2021 07:57:49 PM: INFO: ---------- Verify that after all cart lines are deleted the Grand Total section disappears
02/23/2021 07:57:49 PM: INFO: ---------- (PASSED): Grand Total after all prds deleted have disappeared ----------
02/23/2021 07:57:49 PM: INFO: ---------- (PASSED): All products have been deleted ----------
02/23/2021 07:57:49 PM: INFO: ---------- Abandon the Cart and delete the proposal
02/23/2021 07:58:07 PM: INFO: ---------- END ---------- 
