02/23/2021 07:23:53 PM: INFO: #################################################################
02/23/2021 07:23:53 PM: INFO:  TC_005_2: Cart - Mass Update Action Split Cart Async Pricing    
02/23/2021 07:23:53 PM: INFO: #################################################################
02/23/2021 07:23:53 PM: INFO: ---------- Login to the application
02/23/2021 07:24:11 PM: INFO: ---------- Create a new Proposal
02/23/2021 07:24:21 PM: INFO: ---------- Set Proposal Fields ----------
02/23/2021 07:24:41 PM: INFO: ---------- Configure the Proposal
02/23/2021 07:24:48 PM: INFO: ---------- Search and add 5 Products to Cart
02/23/2021 07:25:50 PM: INFO: ---------- Click on Mini-Cart & then View Cart button
02/23/2021 07:25:53 PM: INFO: ---------- Click on Submit for Pricing (Async) button
02/23/2021 07:26:10 PM: INFO: ---------- Capture Grand Total and No. of line items before Mass Update Action
02/23/2021 07:26:12 PM: INFO: ---------- No of rows before mass update: 5
02/23/2021 07:26:12 PM: INFO: ---------- Grand Total before mass update: 500.00000
02/23/2021 07:26:12 PM: INFO: ---------- Select all check boxes and then Click on Mass Update action
02/23/2021 07:26:15 PM: INFO: ---------- Set Quantity, Adjustments in Mass Update Pop-up
02/23/2021 07:26:19 PM: INFO: ---------- Click on Submit for Pricing (Async) button
02/23/2021 07:26:40 PM: INFO: ---------- Capture Grand Total and No. of line items After Mass Update Action
02/23/2021 07:26:42 PM: INFO: ---------- Grand Total after Mass Update: 2,250.00000
02/23/2021 07:26:42 PM: INFO: ---------- (PASSED): Grand Total after Mass Update action is correct ----------
02/23/2021 07:26:59 PM: INFO: ---------- END ---------- 
