02/24/2021 12:19:23 PM: INFO: #################################################################
02/24/2021 12:19:23 PM: INFO:         TC_007_2: Save As Fav (Regular Cart Turbo Pricing        
02/24/2021 12:19:23 PM: INFO: #################################################################
02/24/2021 12:19:23 PM: INFO: ---------- Login to the Application
02/24/2021 12:19:45 PM: INFO: ---------- Switch to Lightning if not set
02/24/2021 12:19:45 PM: INFO: ---------- Create a new Proposal
02/24/2021 12:19:57 PM: INFO: ---------- Set Proposal Fields
02/24/2021 12:20:12 PM: INFO: ---------- Configure the Proposal
02/24/2021 12:20:16 PM: INFO: ---------- Search and add Product to the Cart
02/24/2021 12:20:52 PM: INFO: ---------- Go to Shopping Cart
02/24/2021 12:21:16 PM: INFO: ---------- Click on Net Adj link for the Product
02/24/2021 12:21:21 PM: INFO: ---------- Set Adjustments in Net Adj Popup and Click on Save
02/24/2021 12:21:30 PM: INFO: ---------- Click on Reprice button
02/24/2021 12:21:40 PM: INFO: ---------- Select the Prd and click on Save as Fav icon
02/24/2021 12:21:41 PM: INFO: ---------- Set fields in Favorite Pop-up and Save it
02/24/2021 12:21:50 PM: INFO: ---------- Delete the Product from Cart
02/24/2021 12:22:01 PM: INFO: ---------- Go back to Catalog Page
02/24/2021 12:22:01 PM: INFO: ---------- Click on Fav Icon
02/24/2021 12:22:01 PM: INFO: ---------- Search for the desired Favorite
02/24/2021 12:22:05 PM: INFO: ---------- Go to Shopping Cart
02/24/2021 12:22:31 PM: INFO: ---------- Grand Total of Added Favorite record is : 90.00000
02/24/2021 12:22:31 PM: INFO: ---------- (PASSED): Grand Total of added Favorite (With Adjustment) is correct ----------
02/24/2021 12:22:31 PM: INFO: ---------- Delete the Product from Cart
02/24/2021 12:22:41 PM: INFO: ---------- Go back to Catalog Page
02/24/2021 12:22:41 PM: INFO: ---------- Click on Fav Icon
02/24/2021 12:22:41 PM: INFO: ---------- Search and add Favorite with out Adjustment
02/24/2021 12:22:47 PM: INFO: ---------- Go to Shopping Cart
02/24/2021 12:23:12 PM: INFO: ---------- Grand Total of Added Favorite (With out Adjustment) is : 100.00000
02/24/2021 12:23:12 PM: INFO: ---------- (PASSED): Grand Total of added Favorite (with out adjustment) is correct ----------
02/24/2021 12:23:12 PM: INFO: ---------- Go back to Catalog page and delete the Fav
02/24/2021 12:23:13 PM: INFO: ---------- Click on Fav Icon
02/24/2021 12:23:13 PM: INFO: ---------- Search and Delete the Favorite
02/24/2021 12:23:35 PM: INFO: ---------- END ---------- 
