03/05/2021 11:25:23 AM: INFO: ####################################################################
03/05/2021 11:25:23 AM: INFO:              TC_015_2: Price Matrix (Async Pricing)                 
03/05/2021 11:25:23 AM: INFO: ####################################################################
03/05/2021 11:25:23 AM: INFO: ---------- Login to the application
03/05/2021 11:25:45 AM: INFO: ---------- Create a new Proposal
03/05/2021 11:25:58 AM: INFO: ---------- Set Proposal Fields ----------
03/05/2021 11:26:17 AM: INFO: ---------- Configure the Proposal
03/05/2021 11:26:27 AM: INFO: ---------- Search and Add Product to Cart
03/05/2021 11:26:57 AM: INFO: ---------- Click on Mini-Cart & then View Cart button
03/05/2021 11:27:00 AM: INFO: ---------- Click on Submit for Pricing (Async) button
03/05/2021 11:27:46 AM: INFO: ---------- Set Quantity, MN - 2020 LI PICK and check if appropriate bucket adjustment is applied
03/05/2021 11:28:07 AM: INFO: ---------- Click on Reprice button
03/05/2021 11:28:24 AM: INFO: ---------- Verify Grand Total
03/05/2021 11:28:26 AM: INFO: ---------- (PASSED): Price Matrix 1st bucket pricing is correct
03/05/2021 11:28:47 AM: INFO: ---------- Click on Reprice button
03/05/2021 11:29:04 AM: INFO: ---------- Verify Grand Total
03/05/2021 11:29:06 AM: INFO: ---------- (PASSED): Price Matrix 2nd bucket pricing is correct
03/05/2021 11:29:27 AM: INFO: ---------- Click on Reprice button
03/05/2021 11:29:44 AM: INFO: ---------- Verify Grand Total
03/05/2021 11:29:46 AM: INFO: ---------- (PASSED): Price Matrix 3rd bucket pricing is correct
03/05/2021 11:29:56 AM: INFO: ---------- Click on Reprice button
03/05/2021 11:30:14 AM: INFO: ---------- Verify Grand Total
03/05/2021 11:30:16 AM: INFO: ---------- (PASSED): Price Matrix OutSide bucket pricing is correct
03/05/2021 11:30:38 AM: INFO: ---------- END ---------- 
