01/29/2021 03:02:35 PM: INFO: #################################################################
01/29/2021 03:02:35 PM: INFO:         TC_007_3: Save As Fav Split Cart Async Pricing           
01/29/2021 03:02:35 PM: INFO: #################################################################
01/29/2021 03:02:35 PM: INFO: ---------- Login to the Application
01/29/2021 03:02:59 PM: INFO: ---------- Switch to Lightning if not set
01/29/2021 03:03:00 PM: INFO: ---------- Create a new Proposal
01/29/2021 03:03:09 PM: INFO: ---------- Set Proposal Fields
01/29/2021 03:03:31 PM: INFO: ---------- Configure the Proposal
01/29/2021 03:03:35 PM: INFO: ---------- Search and add Product to the Cart
01/29/2021 03:04:05 PM: INFO: ---------- Go to Shopping Cart
01/29/2021 03:04:05 PM: INFO: ---------- Click on Submit for Pricing (Async) button
01/29/2021 03:04:19 PM: INFO: ---------- Click on Net Adj link for the Product
01/29/2021 03:04:21 PM: INFO: ---------- Set Adjustments in Net Adj Popup and Click on Save
01/29/2021 03:04:41 PM: INFO: ---------- Select the Prd and click on Save as Fav icon
01/29/2021 03:04:43 PM: INFO: ---------- Set fields in Favorite Pop-up and Save it
01/29/2021 03:04:53 PM: INFO: ---------- Delete the Product from Cart
01/29/2021 03:05:05 PM: INFO: ---------- Go back to Catalog Page
01/29/2021 03:05:08 PM: INFO: ---------- Check Favorite Category is not present for Split Cart
01/29/2021 03:05:08 PM: INFO: ---------- (PASSED): Favorite is not available for Split Cart ----------
01/29/2021 03:05:26 PM: INFO: ---------- END ---------- 
