02/25/2021 08:36:36 PM: INFO: #################################################################
02/25/2021 08:36:36 PM: INFO:    TC_009_3: PAR (All Actions) (Regular Cart Turbo Pricing       
02/25/2021 08:36:36 PM: INFO: #################################################################
02/25/2021 08:36:36 PM: INFO: ---------- Login to the Application
02/25/2021 08:36:53 PM: INFO: ---------- Switch to Lightning if not set
02/25/2021 08:36:53 PM: INFO: ---------- Create a new Proposal
02/25/2021 08:37:06 PM: INFO: ---------- Set Proposal Fields
02/25/2021 08:37:19 PM: INFO: ---------- Configure the Proposal
02/25/2021 08:37:23 PM: INFO: ---------- Search and Configure the Product
02/25/2021 08:37:28 PM: INFO: ---------- Search Product, Set Qty and the Configure the Bundle
02/25/2021 08:37:45 PM: INFO: ---------- Check if the attributes are hidden according to the PAR
02/25/2021 08:37:45 PM: INFO: ---------------------------------------------------
02/25/2021 08:37:45 PM: INFO: ---------- (PASSED): MN - 2020 (Checkbox) is hidden
02/25/2021 08:37:45 PM: INFO: ---------- (PASSED): MN - 2020 (Currency) is hidden
02/25/2021 08:37:45 PM: INFO: ---------- (PASSED): MN - 2020 (Text) is hidden
02/25/2021 08:37:45 PM: INFO: ---------- (PASSED): MN - 2020 (MultiSelect) is hidden
02/25/2021 08:37:45 PM: INFO: ---------- (PASSED): MN - 2020 (Number) is hidden
02/25/2021 08:37:45 PM: INFO: ---------- (PASSED): MN - 2020 (Percentage) is hidden
02/25/2021 08:37:45 PM: INFO: ---------- (PASSED): MN - 2020 (Picklist) is hidden
02/25/2021 08:37:45 PM: INFO: ---------- (PASSED): MN - 2020 (LookUp) is hidden
02/25/2021 08:37:45 PM: INFO: ---------- Remove the Product and go to Catalog page
02/25/2021 08:37:45 PM: INFO: ---------- Search Product, Set Qty and the Configure the Bundle
02/25/2021 08:37:50 PM: INFO: ---------------------------------------------------
02/25/2021 08:37:50 PM: INFO: ---------- (PASSED): MN - 2020 (Checkbox) is disabled
02/25/2021 08:37:50 PM: INFO: ---------- (PASSED): MN - 2020 (Currency) is disabled
02/25/2021 08:37:50 PM: INFO: ---------- (PASSED): MN - 2020 (Text) is disabled
02/25/2021 08:37:50 PM: INFO: ---------- (PASSED): MN - 2020 (MultiSelect) is disabled
02/25/2021 08:37:50 PM: INFO: ---------- (PASSED): MN - 2020 (Number) is disabled
02/25/2021 08:37:50 PM: INFO: ---------- (PASSED): MN - 2020 (Percentage) is disabled
02/25/2021 08:37:50 PM: INFO: ---------- (PASSED): MN - 2020 (Picklist) is disabled
02/25/2021 08:37:50 PM: INFO: ---------- (PASSED): MN - 2020 (LookUp) is disabled
02/25/2021 08:37:50 PM: INFO: ---------- Remove the Product and go to Catalog page
02/25/2021 08:37:51 PM: INFO: ---------- Search Product, Set Qty and the Configure the Bundle
02/25/2021 08:38:00 PM: INFO: ---------------------------------------------------
02/25/2021 08:38:00 PM: INFO: ---------- (PASSED): MN - 2020 (Checkbox) is required
02/25/2021 08:38:00 PM: INFO: ---------- (PASSED): MN - 2020 (Currency) is required
02/25/2021 08:38:00 PM: INFO: ---------- (PASSED): MN - 2020 (Text) is required
02/25/2021 08:38:00 PM: INFO: ---------- (PASSED): MN - 2020 (MultiSelect) is required
02/25/2021 08:38:00 PM: INFO: ---------- (PASSED): MN - 2020 (Number) is required
02/25/2021 08:38:00 PM: INFO: ---------- (PASSED): MN - 2020 (Percentage) is required
02/25/2021 08:38:00 PM: INFO: ---------- (PASSED): MN - 2020 (Picklist) is required
02/25/2021 08:38:00 PM: INFO: ---------- (PASSED): MN - 2020 (LookUp) is required
02/25/2021 08:38:00 PM: INFO: ---------- Remove the Product and go to Catalog page
02/25/2021 08:38:00 PM: INFO: ---------- Search Product, Set Qty and the Configure the Bundle
02/25/2021 08:38:05 PM: INFO: ----------------------------------------------------------
02/25/2021 08:38:05 PM: INFO: ---------- (PASSED): MN - 2020 (Currency) is defaulted correctly
02/25/2021 08:38:05 PM: INFO: ---------- (PASSED): MN - 2020 (Text) is defaulted correctly
02/25/2021 08:38:05 PM: INFO: ---------- (PASSED): MN - 2020 (MultiSelect) is defaulted correctly
02/25/2021 08:38:05 PM: INFO: ---------- (PASSED): MN - 2020 (Number) is defaulted correctly
02/25/2021 08:38:05 PM: INFO: ---------- (PASSED): MN - 2020 (Percentage) is defaulted correctly
02/25/2021 08:38:05 PM: INFO: ---------- (PASSED): MN - 2020 (Picklist) is defaulted correctly
02/25/2021 08:38:11 PM: INFO: ---------------------------------------------------------
02/25/2021 08:38:18 PM: INFO: ---------- (PASSED): MN - 2020 (Currency) is Reset correctly
02/25/2021 08:38:25 PM: INFO: ---------- (PASSED): MN - 2020 (Text) is Reset correctly
02/25/2021 08:38:28 PM: INFO: ---------- (PASSED): MN - 2020 (MultiSelect) is Reset correctly
02/25/2021 08:38:35 PM: INFO: ---------- (PASSED): MN - 2020 (Number) is Reset correctly
02/25/2021 08:38:42 PM: INFO: ---------- (PASSED): MN - 2020 (Percentage) is Reset correctly
02/25/2021 08:38:43 PM: INFO: ---------- (PASSED): MN - 2020 (Picklist) is Reset correctly
02/25/2021 08:38:43 PM: INFO: ---------------------------------------------------------
02/25/2021 08:38:48 PM: INFO: ---------- (PASSED): Correct attributes are allowed for MN - 2020 (Picklist)
02/25/2021 08:38:49 PM: INFO: ---------- (PASSED): Correct attributes are allowed for MN - 2020 (MultiSelect)
02/25/2021 08:38:49 PM: INFO: ----------------------------------------------------------
02/25/2021 08:38:53 PM: INFO: Abandon the Cart
02/25/2021 08:39:17 PM: INFO: ---------- END ---------- 
