01/30/2021 01:25:21 PM: INFO: #################################################################
01/30/2021 01:25:21 PM: INFO:  TC_011_2: Different Type of Adjustments Reg Cart Turbo Pricing 
01/30/2021 01:25:21 PM: INFO: #################################################################
01/30/2021 01:25:21 PM: INFO: ---------- Login to the Application
01/30/2021 01:25:35 PM: INFO: ---------- Switch to Lightning if not set
01/30/2021 01:25:36 PM: INFO: ---------- Create a new Proposal
01/30/2021 01:25:41 PM: INFO: ---------- Set Proposal Fields
01/30/2021 01:25:56 PM: INFO: ---------- Configure the Proposal
01/30/2021 01:26:05 PM: INFO: ---------- Search and add Product to Cart
01/30/2021 01:26:44 PM: INFO: ---------- Click on Net Adj link for the Product
01/30/2021 01:26:44 PM: INFO: ---------- Set Adjustments in Net Adj Popup and Click on Save
01/30/2021 01:27:00 PM: INFO: ---------- (PASSED): Manual Adjustment (% Discount), Grand Total is correct ----------
01/30/2021 01:27:16 PM: INFO: ---------- (PASSED): Manual Adjustment (Discount Amount), Grand Total is correct ----------
01/30/2021 01:27:34 PM: INFO: ---------- (PASSED): Manual Adjustment (%Mark up), Grand Total is correct ----------
01/30/2021 01:27:52 PM: INFO: ---------- (PASSED): Manual Adjustment (Markup Amount), Grand Total is correct ----------
01/30/2021 01:28:10 PM: INFO: ---------- (PASSED): Manual Adjustment (Price Override), Grand Total is correct ----------
01/30/2021 01:28:28 PM: INFO: ---------- (PASSED): Manual Adjustment (Price Factor), Grand Total is correct ----------
01/30/2021 01:28:38 PM: INFO: ---------- Go back to Catalog Page and the Prd to test Allow Manual Adj False at PLI
01/30/2021 01:29:09 PM: INFO: ---------- (PASSED): Net Adj. is disabled for Product with Allow Manual Adj False in PLI
01/30/2021 01:29:09 PM: INFO: ---------- Abandon the Cart and delete the proposal
01/30/2021 01:29:34 PM: INFO: ---------- END ---------- 
